<?xml version="1.0" encoding="UTF-8"?>
<!-- Generated by org.testng.reporters.JUnitReportReporter -->
<testsuite hostname="MYSHEC537868L" failures="0" tests="1" name="TOOLSTutorials.ToolDemo05" time="2.209" errors="0" timestamp="2022-09-30T05:34:03 IST" skipped="0">
  <testcase classname="TOOLSTutorials.ToolDemo05" name="setu" time="2.209"/>
  <system-out/>
</testsuite> <!-- TOOLSTutorials.ToolDemo05 -->
