<?xml version="1.0" encoding="UTF-8"?>
<!-- Generated by org.testng.reporters.JUnitReportReporter -->
<testsuite hostname="MYSHEC537868L" failures="0" tests="1" name="LexDemo.Demo02" time="3.540" errors="0" timestamp="2022-09-23T11:37:31 IST" skipped="0">
  <testcase classname="LexDemo.Demo02" name="test01" time="3.540"/>
  <system-out/>
</testsuite> <!-- LexDemo.Demo02 -->
