<?xml version="1.0" encoding="UTF-8"?>
<!-- Generated by org.testng.reporters.JUnitReportReporter -->
<testsuite hostname="MYSHEC537868L" failures="0" tests="1" name="ExerciseLex.Exercise05" time="2.086" errors="0" timestamp="2022-09-24T19:19:23 IST" skipped="0">
  <testcase classname="ExerciseLex.Exercise05" name="test" time="2.086"/>
  <system-out/>
</testsuite> <!-- ExerciseLex.Exercise05 -->
