<?xml version="1.0" encoding="UTF-8"?>
<!-- Generated by org.testng.reporters.JUnitReportReporter -->
<testsuite hostname="MYSHEC537868L" failures="0" tests="1" name="TOOLSTutorials.ToolJsonPath" time="2.764" errors="0" timestamp="2022-10-04T07:56:00 IST" skipped="0">
  <testcase classname="TOOLSTutorials.ToolJsonPath" name="VerifyCityInJsonResponse" time="2.764"/>
  <system-out/>
</testsuite> <!-- TOOLSTutorials.ToolJsonPath -->
