<?xml version="1.0" encoding="UTF-8"?>
<!-- Generated by org.testng.reporters.JUnitReportReporter -->
<testsuite hostname="MYSHEC537868L" failures="0" tests="2" name="stepbystep.Test_POST02" time="1.975" errors="0" timestamp="2022-09-26T08:22:11 IST" skipped="0">
  <testcase classname="stepbystep.Test_POST02" name="test01" time="0.482"/>
  <system-out/>
  <testcase classname="stepbystep.Test_POST02" name="test" time="1.493"/>
  <system-out/>
</testsuite> <!-- stepbystep.Test_POST02 -->
