<?xml version="1.0" encoding="UTF-8"?>
<!-- Generated by org.testng.reporters.JUnitReportReporter -->
<testsuite hostname="MYSHEC537868L" failures="0" tests="1" name="TOOLSTutorials.ToolDemo01" time="2.656" errors="0" timestamp="2022-09-28T17:47:36 IST" skipped="0">
  <testcase classname="TOOLSTutorials.ToolDemo01" name="GetBooksDetails" time="2.656"/>
  <system-out/>
</testsuite> <!-- TOOLSTutorials.ToolDemo01 -->
