<?xml version="1.0" encoding="UTF-8"?>
<!-- Generated by org.testng.reporters.JUnitReportReporter -->
<testsuite hostname="MYSHEC537868L" failures="0" tests="1" name="stepbystep.Test_PUT01" time="0.008" errors="0" timestamp="2022-10-22T18:51:02 IST" skipped="0">
  <testcase classname="stepbystep.Test_PUT01" name="test" time="0.008"/>
  <system-out/>
</testsuite> <!-- stepbystep.Test_PUT01 -->
