<?xml version="1.0" encoding="UTF-8"?>
<!-- Generated by org.testng.reporters.JUnitReportReporter -->
<testsuite hostname="MYSHEC537868L" failures="0" tests="1" name="ExerciseLex.Exercise08" time="1.720" errors="0" timestamp="2022-09-25T16:34:35 IST" skipped="0">
  <testcase classname="ExerciseLex.Exercise08" name="test" time="1.720"/>
  <system-out/>
</testsuite> <!-- ExerciseLex.Exercise08 -->
