<?xml version="1.0" encoding="UTF-8"?>
<!-- Generated by org.testng.reporters.JUnitReportReporter -->
<testsuite hostname="MYSHEC537868L" failures="0" tests="1" name="TOOLSTutorials.ToolDemo02" time="3.905" errors="0" timestamp="2022-09-30T04:21:44 IST" skipped="0">
  <testcase classname="TOOLSTutorials.ToolDemo02" name="test" time="3.905"/>
  <system-out/>
</testsuite> <!-- TOOLSTutorials.ToolDemo02 -->
