<?xml version="1.0" encoding="UTF-8"?>
<!-- Generated by org.testng.reporters.JUnitReportReporter -->
<testsuite hostname="MYSHEC537868L" failures="0" tests="1" name="stepbystep.Test_Excel" time="2.346" errors="0" timestamp="2022-09-26T07:41:19 IST" skipped="0">
  <testcase classname="stepbystep.Test_Excel" name="test" time="2.346"/>
  <system-out/>
</testsuite> <!-- stepbystep.Test_Excel -->
