<?xml version="1.0" encoding="UTF-8"?>
<!-- Generated by org.testng.reporters.JUnitReportReporter -->
<testsuite hostname="MYSHEC537868L" failures="0" tests="1" name="practice.SATest01" time="3.030" errors="0" timestamp="2022-10-22T16:43:01 IST" skipped="0">
  <testcase classname="practice.SATest01" name="setup" time="3.030"/>
  <system-out/>
</testsuite> <!-- practice.SATest01 -->
