<?xml version="1.0" encoding="UTF-8"?>
<!-- Generated by org.testng.reporters.JUnitReportReporter -->
<testsuite hostname="MYSHEC537868L" failures="0" tests="1" name="TOOLSTutorials.ToolDemo04" time="2.338" errors="0" timestamp="2022-09-30T05:13:10 IST" skipped="0">
  <testcase classname="TOOLSTutorials.ToolDemo04" name="setup" time="2.338"/>
  <system-out/>
</testsuite> <!-- TOOLSTutorials.ToolDemo04 -->
