<?xml version="1.0" encoding="UTF-8"?>
<!-- Generated by org.testng.reporters.JUnitReportReporter -->
<testsuite hostname="MYSHEC537868L" failures="0" tests="1" name="ExerciseLex.Exercise04" time="2.069" errors="0" timestamp="2022-09-24T18:42:24 IST" skipped="0">
  <testcase classname="ExerciseLex.Exercise04" name="test" time="2.069"/>
  <system-out/>
</testsuite> <!-- ExerciseLex.Exercise04 -->
