<?xml version="1.0" encoding="UTF-8"?>
<!-- Generated by org.testng.reporters.JUnitReportReporter -->
<testsuite hostname="MYSHEC537868L" failures="0" tests="1" name="stepbystep.Test_POST01" time="0.007" errors="0" timestamp="2022-09-26T08:21:20 IST" skipped="0">
  <testcase classname="stepbystep.Test_POST01" name="test" time="0.007"/>
  <system-out/>
</testsuite> <!-- stepbystep.Test_POST01 -->
