<?xml version="1.0" encoding="UTF-8"?>
<!-- Generated by org.testng.reporters.JUnitReportReporter -->
<testsuite hostname="MYSHEC537868L" failures="0" tests="1" name="TOOLSTutorials.ToolDemo03" time="4.039" errors="0" timestamp="2022-09-30T04:42:04 IST" skipped="0">
  <testcase classname="TOOLSTutorials.ToolDemo03" name="stup" time="4.039"/>
  <system-out/>
</testsuite> <!-- TOOLSTutorials.ToolDemo03 -->
