<?xml version="1.0" encoding="UTF-8"?>
<!-- Generated by org.testng.reporters.JUnitReportReporter -->
<testsuite hostname="MYSHEC537868L" failures="0" tests="1" name="LexDemo.Demo05" time="1.392" errors="0" timestamp="2022-09-24T18:28:01 IST" skipped="0">
  <testcase classname="LexDemo.Demo05" name="test" time="1.392"/>
  <system-out/>
</testsuite> <!-- LexDemo.Demo05 -->
