<?xml version="1.0" encoding="UTF-8"?>
<!-- Generated by org.testng.reporters.JUnitReportReporter -->
<testsuite hostname="MYSHEC537868L" failures="0" tests="1" name="TOOLSTutorials.ToolContainsDemo06" time="3.511" errors="0" timestamp="2022-10-22T15:56:34 IST" skipped="0">
  <testcase classname="TOOLSTutorials.ToolContainsDemo06" name="setup" time="3.511"/>
  <system-out/>
</testsuite> <!-- TOOLSTutorials.ToolContainsDemo06 -->
