<?xml version="1.0" encoding="UTF-8"?>
<!-- Generated by org.testng.reporters.JUnitReportReporter -->
<testsuite hostname="MYSHEC537868L" failures="0" tests="2" name="demo.Test_GET01" time="4.357" errors="0" timestamp="2022-09-23T09:51:18 IST" skipped="0">
  <testcase classname="demo.Test_GET01" name="test_01" time="3.087"/>
  <system-out/>
  <testcase classname="demo.Test_GET01" name="test_02" time="1.270"/>
  <system-out/>
</testsuite> <!-- demo.Test_GET01 -->
