<?xml version="1.0" encoding="UTF-8"?>
<!-- Generated by org.testng.reporters.JUnitReportReporter -->
<testsuite hostname="MYSHEC537868L" failures="0" tests="1" name="stepbystep.Test_GET02" time="1.620" errors="0" timestamp="2022-09-26T08:18:29 IST" skipped="0">
  <testcase classname="stepbystep.Test_GET02" name="test1" time="1.620"/>
  <system-out/>
</testsuite> <!-- stepbystep.Test_GET02 -->
