<?xml version="1.0" encoding="UTF-8"?>
<!-- Generated by org.testng.reporters.JUnitReportReporter -->
<testsuite hostname="MYSHEC537868L" failures="0" tests="1" name="LexDemo.Demo06" time="1.688" errors="0" timestamp="2022-09-24T19:11:38 IST" skipped="0">
  <testcase classname="LexDemo.Demo06" name="user" time="1.688"/>
  <system-out/>
</testsuite> <!-- LexDemo.Demo06 -->
