<?xml version="1.0" encoding="UTF-8"?>
<!-- Generated by org.testng.reporters.JUnitReportReporter -->
<testsuite hostname="MYSHEC537868L" failures="0" tests="1" name="practice.ToolsDemo01" time="3.885" errors="0" timestamp="2022-09-30T04:02:31 IST" skipped="0">
  <testcase classname="practice.ToolsDemo01" name="test" time="3.885"/>
  <system-out/>
</testsuite> <!-- practice.ToolsDemo01 -->
