<?xml version="1.0" encoding="UTF-8"?>
<!-- Generated by org.testng.reporters.JUnitReportReporter -->
<testsuite hostname="MYSHEC537868L" failures="0" tests="1" name="LexDemo.Demo04" time="1.278" errors="0" timestamp="2022-09-23T12:06:37 IST" skipped="0">
  <testcase classname="LexDemo.Demo04" name="test01" time="1.278"/>
  <system-out/>
</testsuite> <!-- LexDemo.Demo04 -->
