<?xml version="1.0" encoding="UTF-8"?>
<!-- Generated by org.testng.reporters.JUnitReportReporter -->
<testsuite hostname="MYSHEC537868L" failures="0" tests="1" name="stepbystep.Test_PATCH01" time="1.727" errors="0" timestamp="2022-09-26T08:20:22 IST" skipped="0">
  <testcase classname="stepbystep.Test_PATCH01" name="test" time="1.727"/>
  <system-out/>
</testsuite> <!-- stepbystep.Test_PATCH01 -->
