<?xml version="1.0" encoding="UTF-8"?>
<!-- Generated by org.testng.reporters.JUnitReportReporter -->
<testsuite hostname="MYSHEC537868L" failures="0" tests="1" name="demo.Test_GET" time="8.138" errors="0" timestamp="2022-09-22T15:11:44 IST" skipped="0">
  <testcase classname="demo.Test_GET" name="test_01" time="8.138"/>
  <system-out/>
</testsuite> <!-- demo.Test_GET -->
