<?xml version="1.0" encoding="UTF-8"?>
<!-- Generated by org.testng.reporters.JUnitReportReporter -->
<testsuite hostname="MYSHEC537868L" failures="0" tests="1" name="LexDemo.Demo09" time="3.577" errors="0" timestamp="2022-10-22T15:50:14 IST" skipped="0">
  <testcase classname="LexDemo.Demo09" name="test" time="3.577"/>
  <system-out/>
</testsuite> <!-- LexDemo.Demo09 -->
