<?xml version="1.0" encoding="UTF-8"?>
<!-- Generated by org.testng.reporters.JUnitReportReporter -->
<testsuite hostname="MYSHEC537868L" failures="0" tests="1" name="LexDemo.Demo03" time="2.753" errors="0" timestamp="2022-09-23T11:38:55 IST" skipped="0">
  <testcase classname="LexDemo.Demo03" name="test01" time="2.753"/>
  <system-out/>
</testsuite> <!-- LexDemo.Demo03 -->
