<?xml version="1.0" encoding="UTF-8"?>
<!-- Generated by org.testng.reporters.JUnitReportReporter -->
<testsuite hostname="MYSHEC537868L" failures="0" tests="1" name="TOOLSTutorials.ToolContentTypeDemo06" time="2.238" errors="0" timestamp="2022-09-30T05:53:34 IST" skipped="0">
  <testcase classname="TOOLSTutorials.ToolContentTypeDemo06" name="setup" time="2.238"/>
  <system-out/>
</testsuite> <!-- TOOLSTutorials.ToolContentTypeDemo06 -->
