<?xml version="1.0" encoding="UTF-8"?>
<!-- Generated by org.testng.reporters.JUnitReportReporter -->
<testsuite hostname="MYSHEC537868L" failures="0" tests="3" name="stepbystep.Test_GET01" time="4.173" errors="0" timestamp="2022-09-25T14:12:34 IST" skipped="0">
  <testcase classname="stepbystep.Test_GET01" name="test_02" time="0.193"/>
  <system-out/>
  <testcase classname="stepbystep.Test_GET01" name="test_03" time="1.165"/>
  <system-out/>
  <testcase classname="stepbystep.Test_GET01" name="test_01" time="2.815"/>
  <system-out/>
</testsuite> <!-- stepbystep.Test_GET01 -->
