<?xml version="1.0" encoding="UTF-8"?>
<!-- Generated by org.testng.reporters.JUnitReportReporter -->
<testsuite hostname="MYSHEC537868L" failures="0" tests="1" name="LexDemo.Demo08" time="1.750" errors="0" timestamp="2022-09-24T19:42:05 IST" skipped="0">
  <testcase classname="LexDemo.Demo08" name="f" time="1.750"/>
  <system-out/>
</testsuite> <!-- LexDemo.Demo08 -->
