<?xml version="1.0" encoding="UTF-8"?>
<!-- Generated by org.testng.reporters.JUnitReportReporter -->
<testsuite hostname="MYSHEC537868L" failures="0" tests="1" name="stepbystep.Test_GET" time="2.846" errors="0" timestamp="2022-09-27T10:21:18 IST" skipped="0">
  <testcase classname="stepbystep.Test_GET" name="test_01" time="2.846"/>
  <system-out/>
</testsuite> <!-- stepbystep.Test_GET -->
