<?xml version="1.0" encoding="UTF-8"?>
<!-- Generated by org.testng.reporters.JUnitReportReporter -->
<testsuite hostname="MYSHEC537868L" failures="0" tests="1" name="TOOLSTutorials.ToolHeaderDemo05" time="2.707" errors="0" timestamp="2022-10-04T07:51:45 IST" skipped="0">
  <testcase classname="TOOLSTutorials.ToolHeaderDemo05" name="setu" time="2.707"/>
  <system-out/>
</testsuite> <!-- TOOLSTutorials.ToolHeaderDemo05 -->
