<?xml version="1.0" encoding="UTF-8"?>
<!-- Generated by org.testng.reporters.JUnitReportReporter -->
<testsuite hostname="MYSHEC537868L" failures="0" tests="1" name="LexDemo.Demo01" time="1.765" errors="0" timestamp="2022-10-06T16:13:07 IST" skipped="0">
  <testcase classname="LexDemo.Demo01" name="test01" time="1.765"/>
  <system-out/>
</testsuite> <!-- LexDemo.Demo01 -->
